-------------------------------------------------------------------------------
Test set: com.movie_aggregator.repository.RestGetRequestsTest
-------------------------------------------------------------------------------
Tests run: 3, Failures: 0, Errors: 3, Skipped: 0, Time elapsed: 3.769 sec <<< FAILURE! - in com.movie_aggregator.repository.RestGetRequestsTest
testGetMovieById  Time elapsed: 0.517 sec  <<< ERROR!
javax.ws.rs.ProcessingException: java.net.ConnectException: Connection refused (Connection refused)
	at com.movie_aggregator.repository.RestGetRequestsTest.testGetMovieById(RestGetRequestsTest.java:75)
Caused by: java.net.ConnectException: Connection refused (Connection refused)
	at com.movie_aggregator.repository.RestGetRequestsTest.testGetMovieById(RestGetRequestsTest.java:75)

testGetAllMoviesbySearch  Time elapsed: 0.037 sec  <<< ERROR!
javax.ws.rs.ProcessingException: java.net.ConnectException: Connection refused (Connection refused)
	at com.movie_aggregator.repository.RestGetRequestsTest.testGetAllMoviesbySearch(RestGetRequestsTest.java:54)
Caused by: java.net.ConnectException: Connection refused (Connection refused)
	at com.movie_aggregator.repository.RestGetRequestsTest.testGetAllMoviesbySearch(RestGetRequestsTest.java:54)

testGetAllMovies  Time elapsed: 0.038 sec  <<< ERROR!
javax.ws.rs.ProcessingException: java.net.ConnectException: Connection refused (Connection refused)
	at com.movie_aggregator.repository.RestGetRequestsTest.testGetAllMovies(RestGetRequestsTest.java:65)
Caused by: java.net.ConnectException: Connection refused (Connection refused)
	at com.movie_aggregator.repository.RestGetRequestsTest.testGetAllMovies(RestGetRequestsTest.java:65)

