<?xml version="1.0" encoding="UTF-8"?>
<testsuite xmlns:xsi="http://www.w3.org/2001/XMLSchema-instance" xsi:schemaLocation="https://maven.apache.org/surefire/maven-surefire-plugin/xsd/surefire-test-report.xsd" name="com.movie_aggregator.repository.RestGetRequestsTest" time="3.769" tests="3" errors="3" skipped="0" failures="0">
  <properties>
[...]
</properties>
  <testcase name="testGetMovieById" classname="com.movie_aggregator.repository.RestGetRequestsTest" time="0.517">
    <error message="java.net.ConnectException: Connection refused (Connection refused)" type="javax.ws.rs.ProcessingException">javax.ws.rs.ProcessingException: java.net.ConnectException: Connection refused (Connection refused)
	at com.movie_aggregator.repository.RestGetRequestsTest.testGetMovieById(RestGetRequestsTest.java:75)
Caused by: java.net.ConnectException: Connection refused (Connection refused)
	at com.movie_aggregator.repository.RestGetRequestsTest.testGetMovieById(RestGetRequestsTest.java:75)
</error>
  </testcase>
  <testcase name="testGetAllMoviesbySearch" classname="com.movie_aggregator.repository.RestGetRequestsTest" time="0.037">
    <error message="java.net.ConnectException: Connection refused (Connection refused)" type="javax.ws.rs.ProcessingException">javax.ws.rs.ProcessingException: java.net.ConnectException: Connection refused (Connection refused)
	at com.movie_aggregator.repository.RestGetRequestsTest.testGetAllMoviesbySearch(RestGetRequestsTest.java:54)
Caused by: java.net.ConnectException: Connection refused (Connection refused)
	at com.movie_aggregator.repository.RestGetRequestsTest.testGetAllMoviesbySearch(RestGetRequestsTest.java:54)
</error>
  </testcase>
  <testcase name="testGetAllMovies" classname="com.movie_aggregator.repository.RestGetRequestsTest" time="0.038">
    <error message="java.net.ConnectException: Connection refused (Connection refused)" type="javax.ws.rs.ProcessingException">javax.ws.rs.ProcessingException: java.net.ConnectException: Connection refused (Connection refused)
	at com.movie_aggregator.repository.RestGetRequestsTest.testGetAllMovies(RestGetRequestsTest.java:65)
Caused by: java.net.ConnectException: Connection refused (Connection refused)
	at com.movie_aggregator.repository.RestGetRequestsTest.testGetAllMovies(RestGetRequestsTest.java:65)
</error>
  </testcase>
</testsuite>